  BossFight.cpp
c:\repositories\1dae_prog_final\pinto_tomas_nuclearmiami\pinto_tomas_nuclearmiami\bossfight.cpp(102): warning C4244: 'argument': conversion from 'float' to 'int', possible loss of data
c:\repositories\1dae_prog_final\pinto_tomas_nuclearmiami\pinto_tomas_nuclearmiami\bossfight.cpp(102): warning C4244: 'initializing': conversion from 'int' to 'float', possible loss of data
  Game.cpp
c:\repositories\1dae_prog_final\pinto_tomas_nuclearmiami\pinto_tomas_nuclearmiami\game.cpp(128): error C2601: 'Game::DoDeathScreen': local function definitions are illegal
  c:\repositories\1dae_prog_final\pinto_tomas_nuclearmiami\pinto_tomas_nuclearmiami\game.cpp(94): note: this line contains a '{' which has not yet been matched
c:\repositories\1dae_prog_final\pinto_tomas_nuclearmiami\pinto_tomas_nuclearmiami\game.cpp(160): error C2601: 'Game::DoEndScreen': local function definitions are illegal
  c:\repositories\1dae_prog_final\pinto_tomas_nuclearmiami\pinto_tomas_nuclearmiami\game.cpp(94): note: this line contains a '{' which has not yet been matched
c:\repositories\1dae_prog_final\pinto_tomas_nuclearmiami\pinto_tomas_nuclearmiami\game.cpp(192): error C2601: 'Game::Draw': local function definitions are illegal
  c:\repositories\1dae_prog_final\pinto_tomas_nuclearmiami\pinto_tomas_nuclearmiami\game.cpp(94): note: this line contains a '{' which has not yet been matched
c:\repositories\1dae_prog_final\pinto_tomas_nuclearmiami\pinto_tomas_nuclearmiami\game.cpp(238): error C2601: 'Game::ProcessKeyDownEvent': local function definitions are illegal
  c:\repositories\1dae_prog_final\pinto_tomas_nuclearmiami\pinto_tomas_nuclearmiami\game.cpp(94): note: this line contains a '{' which has not yet been matched
c:\repositories\1dae_prog_final\pinto_tomas_nuclearmiami\pinto_tomas_nuclearmiami\game.cpp(243): error C2601: 'Game::ProcessKeyUpEvent': local function definitions are illegal
  c:\repositories\1dae_prog_final\pinto_tomas_nuclearmiami\pinto_tomas_nuclearmiami\game.cpp(94): note: this line contains a '{' which has not yet been matched
c:\repositories\1dae_prog_final\pinto_tomas_nuclearmiami\pinto_tomas_nuclearmiami\game.cpp(277): error C2601: 'Game::ProcessMouseMotionEvent': local function definitions are illegal
  c:\repositories\1dae_prog_final\pinto_tomas_nuclearmiami\pinto_tomas_nuclearmiami\game.cpp(94): note: this line contains a '{' which has not yet been matched
c:\repositories\1dae_prog_final\pinto_tomas_nuclearmiami\pinto_tomas_nuclearmiami\game.cpp(282): error C2601: 'Game::ProcessMouseDownEvent': local function definitions are illegal
  c:\repositories\1dae_prog_final\pinto_tomas_nuclearmiami\pinto_tomas_nuclearmiami\game.cpp(94): note: this line contains a '{' which has not yet been matched
c:\repositories\1dae_prog_final\pinto_tomas_nuclearmiami\pinto_tomas_nuclearmiami\game.cpp(286): error C2601: 'Game::ProcessMouseUpEvent': local function definitions are illegal
  c:\repositories\1dae_prog_final\pinto_tomas_nuclearmiami\pinto_tomas_nuclearmiami\game.cpp(94): note: this line contains a '{' which has not yet been matched
c:\repositories\1dae_prog_final\pinto_tomas_nuclearmiami\pinto_tomas_nuclearmiami\game.cpp(290): error C2601: 'Game::ClearBackground': local function definitions are illegal
  c:\repositories\1dae_prog_final\pinto_tomas_nuclearmiami\pinto_tomas_nuclearmiami\game.cpp(94): note: this line contains a '{' which has not yet been matched
c:\repositories\1dae_prog_final\pinto_tomas_nuclearmiami\pinto_tomas_nuclearmiami\game.cpp(298): error C2601: 'Game::StartGame': local function definitions are illegal
  c:\repositories\1dae_prog_final\pinto_tomas_nuclearmiami\pinto_tomas_nuclearmiami\game.cpp(94): note: this line contains a '{' which has not yet been matched
c:\repositories\1dae_prog_final\pinto_tomas_nuclearmiami\pinto_tomas_nuclearmiami\game.cpp(305): error C2601: 'Game::UnloadGame': local function definitions are illegal
  c:\repositories\1dae_prog_final\pinto_tomas_nuclearmiami\pinto_tomas_nuclearmiami\game.cpp(94): note: this line contains a '{' which has not yet been matched
c:\repositories\1dae_prog_final\pinto_tomas_nuclearmiami\pinto_tomas_nuclearmiami\game.cpp(312): error C2601: 'Game::UiCallbackSetUp': local function definitions are illegal
  c:\repositories\1dae_prog_final\pinto_tomas_nuclearmiami\pinto_tomas_nuclearmiami\game.cpp(94): note: this line contains a '{' which has not yet been matched
c:\repositories\1dae_prog_final\pinto_tomas_nuclearmiami\pinto_tomas_nuclearmiami\game.cpp(426): error C2601: 'Game::ToggleInfo': local function definitions are illegal
  c:\repositories\1dae_prog_final\pinto_tomas_nuclearmiami\pinto_tomas_nuclearmiami\game.cpp(94): note: this line contains a '{' which has not yet been matched
c:\repositories\1dae_prog_final\pinto_tomas_nuclearmiami\pinto_tomas_nuclearmiami\game.cpp(94): fatal error C1075: '{': no matching token found
  Scene.cpp
  TUiManager.cpp
  Generating Code...
