c:\repositories\1dae_prog_final\pinto_tomas_nuclearmiami\pinto_tomas_nuclearmiami\debug\vc141.pdb
c:\repositories\1dae_prog_final\pinto_tomas_nuclearmiami\pinto_tomas_nuclearmiami\debug\vc141.idb
c:\repositories\1dae_prog_final\pinto_tomas_nuclearmiami\pinto_tomas_nuclearmiami\debug\vector2f.obj
c:\repositories\1dae_prog_final\pinto_tomas_nuclearmiami\pinto_tomas_nuclearmiami\debug\utils.obj
c:\repositories\1dae_prog_final\pinto_tomas_nuclearmiami\pinto_tomas_nuclearmiami\debug\texture.obj
c:\repositories\1dae_prog_final\pinto_tomas_nuclearmiami\pinto_tomas_nuclearmiami\debug\svgparser.obj
c:\repositories\1dae_prog_final\pinto_tomas_nuclearmiami\pinto_tomas_nuclearmiami\debug\structs.obj
c:\repositories\1dae_prog_final\pinto_tomas_nuclearmiami\pinto_tomas_nuclearmiami\debug\sprite.obj
c:\repositories\1dae_prog_final\pinto_tomas_nuclearmiami\pinto_tomas_nuclearmiami\debug\soundstream.obj
c:\repositories\1dae_prog_final\pinto_tomas_nuclearmiami\pinto_tomas_nuclearmiami\debug\soundeffect.obj
c:\repositories\1dae_prog_final\pinto_tomas_nuclearmiami\pinto_tomas_nuclearmiami\debug\scene.obj
c:\repositories\1dae_prog_final\pinto_tomas_nuclearmiami\pinto_tomas_nuclearmiami\debug\player.obj
c:\repositories\1dae_prog_final\pinto_tomas_nuclearmiami\pinto_tomas_nuclearmiami\debug\matrix2x3.obj
c:\repositories\1dae_prog_final\pinto_tomas_nuclearmiami\pinto_tomas_nuclearmiami\debug\main.obj
c:\repositories\1dae_prog_final\pinto_tomas_nuclearmiami\pinto_tomas_nuclearmiami\debug\gameobject.obj
c:\repositories\1dae_prog_final\pinto_tomas_nuclearmiami\pinto_tomas_nuclearmiami\debug\game.obj
c:\repositories\1dae_prog_final\pinto_tomas_nuclearmiami\pinto_tomas_nuclearmiami\debug\core.obj
c:\repositories\1dae_prog_final\pinto_tomas_nuclearmiami\pinto_tomas_nuclearmiami\debug\tuinode.obj
c:\repositories\1dae_prog_final\pinto_tomas_nuclearmiami\pinto_tomas_nuclearmiami\debug\tuimanager.obj
c:\repositories\1dae_prog_final\pinto_tomas_nuclearmiami\pinto_tomas_nuclearmiami\debug\tuilabel.obj
c:\repositories\1dae_prog_final\pinto_tomas_nuclearmiami\pinto_tomas_nuclearmiami\debug\tuicontainer.obj
c:\repositories\1dae_prog_final\pinto_tomas_nuclearmiami\pinto_tomas_nuclearmiami\debug\tuibutton.obj
c:\repositories\1dae_prog_final\pinto_tomas_nuclearmiami\pinto_tomas_nuclearmiami\debug\projectile.obj
c:\repositories\1dae_prog_final\pinto_tomas_nuclearmiami\pinto_tomas_nuclearmiami\debug\camera.obj
c:\repositories\1dae_prog_final\pinto_tomas_nuclearmiami\pinto_tomas_nuclearmiami\debug\aiagent.obj
c:\repositories\1dae_prog_final\pinto_tomas_nuclearmiami\pinto_tomas_nuclearmiami\debug\pickup.obj
c:\repositories\1dae_prog_final\pinto_tomas_nuclearmiami\pinto_tomas_nuclearmiami\debug\weapon.obj
c:\repositories\1dae_prog_final\pinto_tomas_nuclearmiami\pinto_tomas_nuclearmiami\debug\texturemanager.obj
c:\repositories\1dae_prog_final\pinto_tomas_nuclearmiami\pinto_tomas_nuclearmiami\debug\resourcemanager.obj
c:\repositories\1dae_prog_final\pinto_tomas_nuclearmiami\pinto_tomas_nuclearmiami\debug\pinto_tomas_nuclearmiami.pch
c:\repositories\1dae_prog_final\pinto_tomas_nuclearmiami\pinto_tomas_nuclearmiami\debug\pch.obj
c:\repositories\1dae_prog_final\pinto_tomas_nuclearmiami\debug\pinto_tomas_nuclearmiami.exe
c:\repositories\1dae_prog_final\pinto_tomas_nuclearmiami\debug\pinto_tomas_nuclearmiami.ilk
c:\repositories\1dae_prog_final\pinto_tomas_nuclearmiami\debug\pinto_tomas_nuclearmiami.pdb
c:\repositories\1dae_prog_final\pinto_tomas_nuclearmiami\debug\pinto_tomas_nuclearmiami.lib
c:\repositories\1dae_prog_final\pinto_tomas_nuclearmiami\debug\pinto_tomas_nuclearmiami.exp
c:\repositories\1dae_prog_final\pinto_tomas_nuclearmiami\pinto_tomas_nuclearmiami\debug\vc141_ib_1.idb
c:\repositories\1dae_prog_final\pinto_tomas_nuclearmiami\pinto_tomas_nuclearmiami\debug\vc141_ib_2.idb
c:\repositories\1dae_prog_final\pinto_tomas_nuclearmiami\pinto_tomas_nuclearmiami\debug\vc141_ib_3.idb
c:\repositories\1dae_prog_final\pinto_tomas_nuclearmiami\pinto_tomas_nuclearmiami\debug\vc141_ib_4.idb
c:\repositories\1dae_prog_final\pinto_tomas_nuclearmiami\pinto_tomas_nuclearmiami\debug\vc141_ib_5.idb
c:\repositories\1dae_prog_final\pinto_tomas_nuclearmiami\pinto_tomas_nuclearmiami\debug\vc141_ib_6.idb
c:\repositories\1dae_prog_final\pinto_tomas_nuclearmiami\pinto_tomas_nuclearmiami\debug\vc141_ib_7.idb
c:\repositories\1dae_prog_final\pinto_tomas_nuclearmiami\pinto_tomas_nuclearmiami\debug\vc141_ib_8.idb
c:\repositories\1dae_prog_final\pinto_tomas_nuclearmiami\pinto_tomas_nuclearmiami\debug\vc141_ib_1.pdb
c:\repositories\1dae_prog_final\pinto_tomas_nuclearmiami\pinto_tomas_nuclearmiami\debug\vc141_ib_2.pdb
c:\repositories\1dae_prog_final\pinto_tomas_nuclearmiami\pinto_tomas_nuclearmiami\debug\vc141_ib_3.pdb
c:\repositories\1dae_prog_final\pinto_tomas_nuclearmiami\pinto_tomas_nuclearmiami\debug\vc141_ib_4.pdb
c:\repositories\1dae_prog_final\pinto_tomas_nuclearmiami\pinto_tomas_nuclearmiami\debug\vc141_ib_5.pdb
c:\repositories\1dae_prog_final\pinto_tomas_nuclearmiami\pinto_tomas_nuclearmiami\debug\vc141_ib_6.pdb
c:\repositories\1dae_prog_final\pinto_tomas_nuclearmiami\pinto_tomas_nuclearmiami\debug\vc141_ib_7.pdb
c:\repositories\1dae_prog_final\pinto_tomas_nuclearmiami\pinto_tomas_nuclearmiami\debug\vc141_ib_8.pdb
c:\repositories\1dae_prog_final\pinto_tomas_nuclearmiami\pinto_tomas_nuclearmiami\debug\pinto_to.d0fa7e4c.tlog\cl.command.1.tlog
c:\repositories\1dae_prog_final\pinto_tomas_nuclearmiami\pinto_tomas_nuclearmiami\debug\pinto_to.d0fa7e4c.tlog\cl.read.1.tlog
c:\repositories\1dae_prog_final\pinto_tomas_nuclearmiami\pinto_tomas_nuclearmiami\debug\pinto_to.d0fa7e4c.tlog\cl.write.1.tlog
c:\repositories\1dae_prog_final\pinto_tomas_nuclearmiami\pinto_tomas_nuclearmiami\debug\pinto_to.d0fa7e4c.tlog\link.command.1.tlog
c:\repositories\1dae_prog_final\pinto_tomas_nuclearmiami\pinto_tomas_nuclearmiami\debug\pinto_to.d0fa7e4c.tlog\link.delete.1.tlog
c:\repositories\1dae_prog_final\pinto_tomas_nuclearmiami\pinto_tomas_nuclearmiami\debug\pinto_to.d0fa7e4c.tlog\link.read.1.tlog
c:\repositories\1dae_prog_final\pinto_tomas_nuclearmiami\pinto_tomas_nuclearmiami\debug\pinto_to.d0fa7e4c.tlog\link.write.1.tlog
c:\repositories\1dae_prog_final\pinto_tomas_nuclearmiami\pinto_tomas_nuclearmiami\debug\pinto_to.d0fa7e4c.tlog\pinto_tomas_nuclearmiami.write.1u.tlog
