  pch.cpp
  AiAgent.cpp
c:\repositories\1dae_prog_final\pinto_tomas_nuclearmiami\pinto_tomas_nuclearmiami\aiagent.cpp(260): warning C4244: 'argument': conversion from 'float' to 'int', possible loss of data
  AmmoPickup.cpp
  BossFight.cpp
  Camera.cpp
  Core.cpp
  DebugLogger.cpp
  Explosion.cpp
  Game.cpp
  GameObject.cpp
  HealthPickup.cpp
  HitMarker.cpp
  Matrix2x3.cpp
  NextLevelPad.cpp
  PickUp.cpp
  Player.cpp
  Projectile.cpp
  ResourceManager.cpp
  Rocket.cpp
  RocketLauncher.cpp
  SVGParser.cpp
  Compiling...
  Scene.cpp
  SoundEffect.cpp
  SoundStream.cpp
  Sprite.cpp
  TextRenderer.cpp
  Texture.cpp
  TextureObject.cpp
  Turret.cpp
  TUiButton.cpp
  TUiContainer.cpp
  TUiDynamicLabel.cpp
  TUiLabel.cpp
  TUiManager.cpp
  TUiNode.cpp
  Vector2f.cpp
  Weapon.cpp
  main.cpp
  structs.cpp
  utils.cpp
BossFight.obj : error LNK2005: "float __cdecl utils::LerpDegrees(float,float,float)" (?LerpDegrees@utils@@YAMMMM@Z) already defined in BossFight.obj
     Creating library C:\Repositories\1DAE_PROG_FINAL\Pinto_Tomas_NuclearMiami\Release\Pinto_Tomas_NuclearMiami.lib and object C:\Repositories\1DAE_PROG_FINAL\Pinto_Tomas_NuclearMiami\Release\Pinto_Tomas_NuclearMiami.exp
C:\Repositories\1DAE_PROG_FINAL\Pinto_Tomas_NuclearMiami\Release\Pinto_Tomas_NuclearMiami.exe : fatal error LNK1169: one or more multiply defined symbols found
