c:\repositories\1dae_prog_final\pinto_tomas_nuclearmiami\pinto_tomas_nuclearmiami\release\vc141.pdb
c:\repositories\1dae_prog_final\pinto_tomas_nuclearmiami\pinto_tomas_nuclearmiami\release\tuinode.obj
c:\repositories\1dae_prog_final\pinto_tomas_nuclearmiami\pinto_tomas_nuclearmiami\release\game.obj
c:\repositories\1dae_prog_final\pinto_tomas_nuclearmiami\pinto_tomas_nuclearmiami\release\textrenderer.obj
c:\repositories\1dae_prog_final\pinto_tomas_nuclearmiami\pinto_tomas_nuclearmiami\release\sprite.obj
c:\repositories\1dae_prog_final\pinto_tomas_nuclearmiami\pinto_tomas_nuclearmiami\release\soundstream.obj
c:\repositories\1dae_prog_final\pinto_tomas_nuclearmiami\pinto_tomas_nuclearmiami\release\soundeffect.obj
c:\repositories\1dae_prog_final\pinto_tomas_nuclearmiami\pinto_tomas_nuclearmiami\release\scene.obj
c:\repositories\1dae_prog_final\pinto_tomas_nuclearmiami\pinto_tomas_nuclearmiami\release\svgparser.obj
c:\repositories\1dae_prog_final\pinto_tomas_nuclearmiami\pinto_tomas_nuclearmiami\release\rocketlauncher.obj
c:\repositories\1dae_prog_final\pinto_tomas_nuclearmiami\pinto_tomas_nuclearmiami\release\rocket.obj
c:\repositories\1dae_prog_final\pinto_tomas_nuclearmiami\pinto_tomas_nuclearmiami\release\resourcemanager.obj
c:\repositories\1dae_prog_final\pinto_tomas_nuclearmiami\pinto_tomas_nuclearmiami\release\projectile.obj
c:\repositories\1dae_prog_final\pinto_tomas_nuclearmiami\pinto_tomas_nuclearmiami\release\player.obj
c:\repositories\1dae_prog_final\pinto_tomas_nuclearmiami\pinto_tomas_nuclearmiami\release\pickup.obj
c:\repositories\1dae_prog_final\pinto_tomas_nuclearmiami\pinto_tomas_nuclearmiami\release\nextlevelpad.obj
c:\repositories\1dae_prog_final\pinto_tomas_nuclearmiami\pinto_tomas_nuclearmiami\release\matrix2x3.obj
c:\repositories\1dae_prog_final\pinto_tomas_nuclearmiami\pinto_tomas_nuclearmiami\release\gameobject.obj
c:\repositories\1dae_prog_final\pinto_tomas_nuclearmiami\pinto_tomas_nuclearmiami\release\explosion.obj
c:\repositories\1dae_prog_final\pinto_tomas_nuclearmiami\pinto_tomas_nuclearmiami\release\core.obj
c:\repositories\1dae_prog_final\pinto_tomas_nuclearmiami\pinto_tomas_nuclearmiami\release\camera.obj
c:\repositories\1dae_prog_final\pinto_tomas_nuclearmiami\pinto_tomas_nuclearmiami\release\aiagent.obj
c:\repositories\1dae_prog_final\pinto_tomas_nuclearmiami\pinto_tomas_nuclearmiami\release\utils.obj
c:\repositories\1dae_prog_final\pinto_tomas_nuclearmiami\pinto_tomas_nuclearmiami\release\structs.obj
c:\repositories\1dae_prog_final\pinto_tomas_nuclearmiami\pinto_tomas_nuclearmiami\release\main.obj
c:\repositories\1dae_prog_final\pinto_tomas_nuclearmiami\pinto_tomas_nuclearmiami\release\weapon.obj
c:\repositories\1dae_prog_final\pinto_tomas_nuclearmiami\pinto_tomas_nuclearmiami\release\vector2f.obj
c:\repositories\1dae_prog_final\pinto_tomas_nuclearmiami\pinto_tomas_nuclearmiami\release\tuimanager.obj
c:\repositories\1dae_prog_final\pinto_tomas_nuclearmiami\pinto_tomas_nuclearmiami\release\tuilabel.obj
c:\repositories\1dae_prog_final\pinto_tomas_nuclearmiami\pinto_tomas_nuclearmiami\release\tuidynamiclabel.obj
c:\repositories\1dae_prog_final\pinto_tomas_nuclearmiami\pinto_tomas_nuclearmiami\release\tuicontainer.obj
c:\repositories\1dae_prog_final\pinto_tomas_nuclearmiami\pinto_tomas_nuclearmiami\release\tuibutton.obj
c:\repositories\1dae_prog_final\pinto_tomas_nuclearmiami\pinto_tomas_nuclearmiami\release\texture.obj
c:\repositories\1dae_prog_final\pinto_tomas_nuclearmiami\pinto_tomas_nuclearmiami\release\hitmarker.obj
c:\repositories\1dae_prog_final\pinto_tomas_nuclearmiami\pinto_tomas_nuclearmiami\release\healthpickup.obj
c:\repositories\1dae_prog_final\pinto_tomas_nuclearmiami\pinto_tomas_nuclearmiami\release\textureobject.obj
c:\repositories\1dae_prog_final\pinto_tomas_nuclearmiami\pinto_tomas_nuclearmiami\release\pinto_tomas_nuclearmiami.pch
c:\repositories\1dae_prog_final\pinto_tomas_nuclearmiami\pinto_tomas_nuclearmiami\release\pch.obj
c:\repositories\1dae_prog_final\pinto_tomas_nuclearmiami\release\pinto_tomas_nuclearmiami.exe
c:\repositories\1dae_prog_final\pinto_tomas_nuclearmiami\release\pinto_tomas_nuclearmiami.pdb
c:\repositories\1dae_prog_final\pinto_tomas_nuclearmiami\release\pinto_tomas_nuclearmiami.lib
c:\repositories\1dae_prog_final\pinto_tomas_nuclearmiami\release\pinto_tomas_nuclearmiami.exp
c:\repositories\1dae_prog_final\pinto_tomas_nuclearmiami\release\pinto_tomas_nuclearmiami.ipdb
c:\repositories\1dae_prog_final\pinto_tomas_nuclearmiami\release\pinto_tomas_nuclearmiami.iobj
c:\repositories\1dae_prog_final\pinto_tomas_nuclearmiami\pinto_tomas_nuclearmiami\release\pinto_to.d0fa7e4c.tlog\cl.command.1.tlog
c:\repositories\1dae_prog_final\pinto_tomas_nuclearmiami\pinto_tomas_nuclearmiami\release\pinto_to.d0fa7e4c.tlog\cl.read.1.tlog
c:\repositories\1dae_prog_final\pinto_tomas_nuclearmiami\pinto_tomas_nuclearmiami\release\pinto_to.d0fa7e4c.tlog\cl.write.1.tlog
c:\repositories\1dae_prog_final\pinto_tomas_nuclearmiami\pinto_tomas_nuclearmiami\release\pinto_to.d0fa7e4c.tlog\link.command.1.tlog
c:\repositories\1dae_prog_final\pinto_tomas_nuclearmiami\pinto_tomas_nuclearmiami\release\pinto_to.d0fa7e4c.tlog\link.delete.1.tlog
c:\repositories\1dae_prog_final\pinto_tomas_nuclearmiami\pinto_tomas_nuclearmiami\release\pinto_to.d0fa7e4c.tlog\link.read.1.tlog
c:\repositories\1dae_prog_final\pinto_tomas_nuclearmiami\pinto_tomas_nuclearmiami\release\pinto_to.d0fa7e4c.tlog\link.write.1.tlog
c:\repositories\1dae_prog_final\pinto_tomas_nuclearmiami\pinto_tomas_nuclearmiami\release\pinto_to.d0fa7e4c.tlog\pinto_tomas_nuclearmiami.write.1u.tlog
