c:\repositories\1dae_prog_final\nuclearthrone\nuclearthrone\debug\nuclearthrone.pch
c:\repositories\1dae_prog_final\nuclearthrone\nuclearthrone\debug\vc141.pdb
c:\repositories\1dae_prog_final\nuclearthrone\nuclearthrone\debug\vc141.idb
c:\repositories\1dae_prog_final\nuclearthrone\nuclearthrone\debug\pch.obj
c:\repositories\1dae_prog_final\nuclearthrone\nuclearthrone\debug\vector2f.obj
c:\repositories\1dae_prog_final\nuclearthrone\nuclearthrone\debug\utils.obj
c:\repositories\1dae_prog_final\nuclearthrone\nuclearthrone\debug\tuinode.obj
c:\repositories\1dae_prog_final\nuclearthrone\nuclearthrone\debug\tuimanager.obj
c:\repositories\1dae_prog_final\nuclearthrone\nuclearthrone\debug\tuilabel.obj
c:\repositories\1dae_prog_final\nuclearthrone\nuclearthrone\debug\tuicontainer.obj
c:\repositories\1dae_prog_final\nuclearthrone\nuclearthrone\debug\tuibutton.obj
c:\repositories\1dae_prog_final\nuclearthrone\nuclearthrone\debug\texture.obj
c:\repositories\1dae_prog_final\nuclearthrone\nuclearthrone\debug\svgparser.obj
c:\repositories\1dae_prog_final\nuclearthrone\nuclearthrone\debug\structs.obj
c:\repositories\1dae_prog_final\nuclearthrone\nuclearthrone\debug\sprite.obj
c:\repositories\1dae_prog_final\nuclearthrone\nuclearthrone\debug\matrix2x3.obj
c:\repositories\1dae_prog_final\nuclearthrone\nuclearthrone\debug\main.obj
c:\repositories\1dae_prog_final\nuclearthrone\nuclearthrone\debug\game.obj
c:\repositories\1dae_prog_final\nuclearthrone\nuclearthrone\debug\core.obj
c:\repositories\1dae_prog_final\nuclearthrone\nuclearthrone\debug\soundstream.obj
c:\repositories\1dae_prog_final\nuclearthrone\nuclearthrone\debug\soundeffect.obj
c:\repositories\1dae_prog_final\nuclearthrone\debug\nuclearthrone.exe
c:\repositories\1dae_prog_final\nuclearthrone\debug\nuclearthrone.ilk
c:\repositories\1dae_prog_final\nuclearthrone\debug\nuclearthrone.pdb
c:\repositories\1dae_prog_final\nuclearthrone\debug\nuclearthrone.lib
c:\repositories\1dae_prog_final\nuclearthrone\debug\nuclearthrone.exp
c:\repositories\1dae_prog_final\nuclearthrone\nuclearthrone\debug\nuclearthrone.tlog\cl.command.1.tlog
c:\repositories\1dae_prog_final\nuclearthrone\nuclearthrone\debug\nuclearthrone.tlog\cl.read.1.tlog
c:\repositories\1dae_prog_final\nuclearthrone\nuclearthrone\debug\nuclearthrone.tlog\cl.write.1.tlog
c:\repositories\1dae_prog_final\nuclearthrone\nuclearthrone\debug\nuclearthrone.tlog\link.command.1.tlog
c:\repositories\1dae_prog_final\nuclearthrone\nuclearthrone\debug\nuclearthrone.tlog\link.read.1.tlog
c:\repositories\1dae_prog_final\nuclearthrone\nuclearthrone\debug\nuclearthrone.tlog\link.write.1.tlog
c:\repositories\1dae_prog_final\nuclearthrone\nuclearthrone\debug\nuclearthrone.tlog\nuclearthrone.write.1u.tlog
